  [1m[35m (86.3ms)[0m  [1m[35mCREATE DATABASE "airbnb_clone_development" ENCODING = 'unicode'[0m
  [1m[35m (36.7ms)[0m  [1m[35mCREATE DATABASE "airbnb_clone_test" ENCODING = 'unicode'[0m
Started GET "/" for 127.0.0.1 at 2022-10-09 12:47:04 +0700
Processing by Rails::WelcomeController#index as HTML
  Rendering /home/alert/.rbenv/versions/3.1.1/lib/ruby/gems/3.1.0/gems/railties-7.0.4/lib/rails/templates/rails/welcome/index.html.erb
  Rendered /home/alert/.rbenv/versions/3.1.1/lib/ruby/gems/3.1.0/gems/railties-7.0.4/lib/rails/templates/rails/welcome/index.html.erb (Duration: 3.5ms | Allocations: 635)
Completed 200 OK in 19ms (Views: 8.1ms | ActiveRecord: 0.0ms | Allocations: 5021)


Started GET "/" for 127.0.0.1 at 2022-10-09 12:52:35 +0700
Processing by HomeController#index as HTML
Completed 406 Not Acceptable in 6ms (ActiveRecord: 0.0ms | Allocations: 2727)


  
ActionController::MissingExactTemplate (HomeController#index is missing a template for request formats: text/html):
  
actionpack (7.0.4) lib/action_controller/metal/implicit_render.rb:45:in `default_render'
actionpack (7.0.4) lib/action_controller/metal/basic_implicit_render.rb:6:in `block in send_action'
<internal:kernel>:90:in `tap'
actionpack (7.0.4) lib/action_controller/metal/basic_implicit_render.rb:6:in `send_action'
actionpack (7.0.4) lib/abstract_controller/base.rb:215:in `process_action'
actionpack (7.0.4) lib/action_controller/metal/rendering.rb:53:in `process_action'
actionpack (7.0.4) lib/abstract_controller/callbacks.rb:234:in `block in process_action'
activesupport (7.0.4) lib/active_support/callbacks.rb:118:in `block in run_callbacks'
actiontext (7.0.4) lib/action_text/rendering.rb:20:in `with_renderer'
actiontext (7.0.4) lib/action_text/engine.rb:69:in `block (4 levels) in <class:Engine>'
activesupport (7.0.4) lib/active_support/callbacks.rb:127:in `instance_exec'
activesupport (7.0.4) lib/active_support/callbacks.rb:127:in `block in run_callbacks'
activesupport (7.0.4) lib/active_support/callbacks.rb:138:in `run_callbacks'
actionpack (7.0.4) lib/abstract_controller/callbacks.rb:233:in `process_action'
actionpack (7.0.4) lib/action_controller/metal/rescue.rb:22:in `process_action'
actionpack (7.0.4) lib/action_controller/metal/instrumentation.rb:67:in `block in process_action'
activesupport (7.0.4) lib/active_support/notifications.rb:206:in `block in instrument'
activesupport (7.0.4) lib/active_support/notifications/instrumenter.rb:24:in `instrument'
activesupport (7.0.4) lib/active_support/notifications.rb:206:in `instrument'
actionpack (7.0.4) lib/action_controller/metal/instrumentation.rb:66:in `process_action'
actionpack (7.0.4) lib/action_controller/metal/params_wrapper.rb:259:in `process_action'
activerecord (7.0.4) lib/active_record/railties/controller_runtime.rb:27:in `process_action'
actionpack (7.0.4) lib/abstract_controller/base.rb:151:in `process'
actionview (7.0.4) lib/action_view/rendering.rb:39:in `process'
actionpack (7.0.4) lib/action_controller/metal.rb:188:in `dispatch'
actionpack (7.0.4) lib/action_controller/metal.rb:251:in `dispatch'
actionpack (7.0.4) lib/action_dispatch/routing/route_set.rb:49:in `dispatch'
actionpack (7.0.4) lib/action_dispatch/routing/route_set.rb:32:in `serve'
actionpack (7.0.4) lib/action_dispatch/journey/router.rb:50:in `block in serve'
actionpack (7.0.4) lib/action_dispatch/journey/router.rb:32:in `each'
actionpack (7.0.4) lib/action_dispatch/journey/router.rb:32:in `serve'
actionpack (7.0.4) lib/action_dispatch/routing/route_set.rb:852:in `call'
rack (2.2.4) lib/rack/tempfile_reaper.rb:15:in `call'
rack (2.2.4) lib/rack/etag.rb:27:in `call'
rack (2.2.4) lib/rack/conditional_get.rb:27:in `call'
rack (2.2.4) lib/rack/head.rb:12:in `call'
actionpack (7.0.4) lib/action_dispatch/http/permissions_policy.rb:38:in `call'
actionpack (7.0.4) lib/action_dispatch/http/content_security_policy.rb:36:in `call'
rack (2.2.4) lib/rack/session/abstract/id.rb:266:in `context'
rack (2.2.4) lib/rack/session/abstract/id.rb:260:in `call'
actionpack (7.0.4) lib/action_dispatch/middleware/cookies.rb:696:in `call'
activerecord (7.0.4) lib/active_record/migration.rb:603:in `call'
actionpack (7.0.4) lib/action_dispatch/middleware/callbacks.rb:27:in `block in call'
activesupport (7.0.4) lib/active_support/callbacks.rb:99:in `run_callbacks'
actionpack (7.0.4) lib/action_dispatch/middleware/callbacks.rb:26:in `call'
actionpack (7.0.4) lib/action_dispatch/middleware/executor.rb:14:in `call'
actionpack (7.0.4) lib/action_dispatch/middleware/actionable_exceptions.rb:17:in `call'
actionpack (7.0.4) lib/action_dispatch/middleware/debug_exceptions.rb:28:in `call'
web-console (4.2.0) lib/web_console/middleware.rb:132:in `call_app'
web-console (4.2.0) lib/web_console/middleware.rb:28:in `block in call'
web-console (4.2.0) lib/web_console/middleware.rb:17:in `catch'
web-console (4.2.0) lib/web_console/middleware.rb:17:in `call'
actionpack (7.0.4) lib/action_dispatch/middleware/show_exceptions.rb:26:in `call'
railties (7.0.4) lib/rails/rack/logger.rb:40:in `call_app'
railties (7.0.4) lib/rails/rack/logger.rb:25:in `block in call'
activesupport (7.0.4) lib/active_support/tagged_logging.rb:99:in `block in tagged'
activesupport (7.0.4) lib/active_support/tagged_logging.rb:37:in `tagged'
activesupport (7.0.4) lib/active_support/tagged_logging.rb:99:in `tagged'
railties (7.0.4) lib/rails/rack/logger.rb:25:in `call'
sprockets-rails (3.4.2) lib/sprockets/rails/quiet_assets.rb:13:in `call'
actionpack (7.0.4) lib/action_dispatch/middleware/remote_ip.rb:93:in `call'
actionpack (7.0.4) lib/action_dispatch/middleware/request_id.rb:26:in `call'
rack (2.2.4) lib/rack/method_override.rb:24:in `call'
rack (2.2.4) lib/rack/runtime.rb:22:in `call'
activesupport (7.0.4) lib/active_support/cache/strategy/local_cache_middleware.rb:29:in `call'
actionpack (7.0.4) lib/action_dispatch/middleware/server_timing.rb:61:in `block in call'
actionpack (7.0.4) lib/action_dispatch/middleware/server_timing.rb:26:in `collect_events'
actionpack (7.0.4) lib/action_dispatch/middleware/server_timing.rb:60:in `call'
actionpack (7.0.4) lib/action_dispatch/middleware/executor.rb:14:in `call'
actionpack (7.0.4) lib/action_dispatch/middleware/static.rb:23:in `call'
rack (2.2.4) lib/rack/sendfile.rb:110:in `call'
actionpack (7.0.4) lib/action_dispatch/middleware/host_authorization.rb:137:in `call'
railties (7.0.4) lib/rails/engine.rb:530:in `call'
puma (5.6.5) lib/puma/configuration.rb:252:in `call'
puma (5.6.5) lib/puma/request.rb:77:in `block in handle_request'
puma (5.6.5) lib/puma/thread_pool.rb:340:in `with_force_shutdown'
puma (5.6.5) lib/puma/request.rb:76:in `handle_request'
puma (5.6.5) lib/puma/server.rb:443:in `process_client'
puma (5.6.5) lib/puma/thread_pool.rb:147:in `block in spawn_thread'
Started GET "/" for 127.0.0.1 at 2022-10-09 12:52:52 +0700
Processing by HomeController#index as HTML
  Rendering layout layouts/application.html.erb
  Rendering home/index.html.erb within layouts/application
  Rendered home/index.html.erb within layouts/application (Duration: 0.9ms | Allocations: 120)
  Rendered layout layouts/application.html.erb (Duration: 301.9ms | Allocations: 71962)
Completed 200 OK in 308ms (Views: 306.0ms | ActiveRecord: 0.0ms | Allocations: 72953)


Started GET "/" for 127.0.0.1 at 2022-10-09 12:59:03 +0700
Processing by HomeController#index as HTML
  Rendering layout layouts/application.html.erb
  Rendering home/index.html.erb within layouts/application
  Rendered home/index.html.erb within layouts/application (Duration: 1.5ms | Allocations: 331)
  Rendered layout layouts/application.html.erb (Duration: 187.3ms | Allocations: 23344)
Completed 200 OK in 198ms (Views: 191.4ms | ActiveRecord: 0.0ms | Allocations: 26647)


Started GET "/" for 127.0.0.1 at 2022-10-09 13:11:08 +0700
Processing by HomeController#index as HTML
  Rendering layout layouts/application.html.erb
  Rendering home/index.html.erb within layouts/application
  Rendered home/index.html.erb within layouts/application (Duration: 0.8ms | Allocations: 124)
  Rendered layout layouts/application.html.erb (Duration: 6.8ms | Allocations: 3037)
Completed 200 OK in 11ms (Views: 9.8ms | Allocations: 3889)


  [1m[35m (3.6ms)[0m  [1m[35mCREATE TABLE "schema_migrations" ("version" character varying NOT NULL PRIMARY KEY)[0m
  [1m[35m (2.4ms)[0m  [1m[35mCREATE TABLE "ar_internal_metadata" ("key" character varying NOT NULL PRIMARY KEY, "value" character varying, "created_at" timestamp(6) NOT NULL, "updated_at" timestamp(6) NOT NULL)[0m
  [1m[35m (0.1ms)[0m  [1m[34mSELECT pg_try_advisory_lock(4084080012325723200)[0m
  [1m[36mActiveRecord::SchemaMigration Pluck (0.2ms)[0m  [1m[34mSELECT "schema_migrations"."version" FROM "schema_migrations" ORDER BY "schema_migrations"."version" ASC[0m
Migrating to DeviseCreateUsers (20221009061952)
  [1m[36mTRANSACTION (0.1ms)[0m  [1m[35mBEGIN[0m
  [1m[35m (2.9ms)[0m  [1m[35mCREATE TABLE "users" ("id" bigserial primary key, "email" character varying DEFAULT '' NOT NULL, "encrypted_password" character varying DEFAULT '' NOT NULL, "reset_password_token" character varying, "reset_password_sent_at" timestamp(6), "remember_created_at" timestamp(6), "created_at" timestamp(6) NOT NULL, "updated_at" timestamp(6) NOT NULL)[0m
  [1m[35m (1.0ms)[0m  [1m[35mCREATE UNIQUE INDEX "index_users_on_email" ON "users" ("email")[0m
  [1m[35m (1.0ms)[0m  [1m[35mCREATE UNIQUE INDEX "index_users_on_reset_password_token" ON "users" ("reset_password_token")[0m
  [1m[36mActiveRecord::SchemaMigration Create (0.3ms)[0m  [1m[32mINSERT INTO "schema_migrations" ("version") VALUES ($1) RETURNING "version"[0m  [["version", "20221009061952"]]
  [1m[36mTRANSACTION (0.4ms)[0m  [1m[35mCOMMIT[0m
  [1m[36mActiveRecord::InternalMetadata Load (0.1ms)[0m  [1m[34mSELECT "ar_internal_metadata".* FROM "ar_internal_metadata" WHERE "ar_internal_metadata"."key" = $1 LIMIT $2[0m  [["key", "environment"], ["LIMIT", 1]]
  [1m[36mTRANSACTION (0.1ms)[0m  [1m[35mBEGIN[0m
  [1m[36mActiveRecord::InternalMetadata Create (0.2ms)[0m  [1m[32mINSERT INTO "ar_internal_metadata" ("key", "value", "created_at", "updated_at") VALUES ($1, $2, $3, $4) RETURNING "key"[0m  [["key", "environment"], ["value", "development"], ["created_at", "2022-10-09 06:20:38.354402"], ["updated_at", "2022-10-09 06:20:38.354402"]]
  [1m[36mTRANSACTION (1.4ms)[0m  [1m[35mCOMMIT[0m
  [1m[35m (0.2ms)[0m  [1m[34mSELECT pg_advisory_unlock(4084080012325723200)[0m
  [1m[36mActiveRecord::SchemaMigration Pluck (0.3ms)[0m  [1m[34mSELECT "schema_migrations"."version" FROM "schema_migrations" ORDER BY "schema_migrations"."version" ASC[0m
  [1m[35m (0.1ms)[0m  [1m[34mSELECT pg_try_advisory_lock(4084080012325723200)[0m
  [1m[36mActiveRecord::SchemaMigration Pluck (0.3ms)[0m  [1m[34mSELECT "schema_migrations"."version" FROM "schema_migrations" ORDER BY "schema_migrations"."version" ASC[0m
  [1m[36mActiveRecord::InternalMetadata Load (0.1ms)[0m  [1m[34mSELECT "ar_internal_metadata".* FROM "ar_internal_metadata" WHERE "ar_internal_metadata"."key" = $1 LIMIT $2[0m  [["key", "environment"], ["LIMIT", 1]]
  [1m[35m (0.2ms)[0m  [1m[34mSELECT pg_advisory_unlock(4084080012325723200)[0m
  [1m[36mActiveRecord::SchemaMigration Pluck (0.3ms)[0m  [1m[34mSELECT "schema_migrations"."version" FROM "schema_migrations" ORDER BY "schema_migrations"."version" ASC[0m
Started GET "/" for 127.0.0.1 at 2022-10-09 13:21:30 +0700
  [1m[36mActiveRecord::SchemaMigration Pluck (0.4ms)[0m  [1m[34mSELECT "schema_migrations"."version" FROM "schema_migrations" ORDER BY "schema_migrations"."version" ASC[0m
Processing by HomeController#index as HTML
  Rendering layout layouts/application.html.erb
  Rendering home/index.html.erb within layouts/application
  Rendered home/index.html.erb within layouts/application (Duration: 0.6ms | Allocations: 329)
  Rendered layout layouts/application.html.erb (Duration: 143.2ms | Allocations: 36498)
Completed 200 OK in 148ms (Views: 145.5ms | ActiveRecord: 0.0ms | Allocations: 38992)


Started GET "/users/sign_in" for 127.0.0.1 at 2022-10-09 13:21:33 +0700
Processing by Devise::SessionsController#new as HTML
  Rendering layout layouts/application.html.erb
  Rendering /home/alert/.rbenv/versions/3.1.1/lib/ruby/gems/3.1.0/gems/devise-4.8.1/app/views/devise/sessions/new.html.erb within layouts/application
  Rendered /home/alert/.rbenv/versions/3.1.1/lib/ruby/gems/3.1.0/gems/devise-4.8.1/app/views/devise/shared/_links.html.erb (Duration: 1.8ms | Allocations: 732)
  Rendered /home/alert/.rbenv/versions/3.1.1/lib/ruby/gems/3.1.0/gems/devise-4.8.1/app/views/devise/sessions/new.html.erb within layouts/application (Duration: 13.6ms | Allocations: 7895)
  Rendered layout layouts/application.html.erb (Duration: 16.0ms | Allocations: 10317)
Completed 200 OK in 33ms (Views: 17.2ms | ActiveRecord: 3.8ms | Allocations: 18327)


Started GET "/" for 127.0.0.1 at 2022-10-09 13:25:19 +0700
  [1m[36mActiveRecord::SchemaMigration Pluck (0.4ms)[0m  [1m[34mSELECT "schema_migrations"."version" FROM "schema_migrations" ORDER BY "schema_migrations"."version" ASC[0m
Processing by HomeController#index as HTML
  Rendering layout layouts/application.html.erb
  Rendering home/index.html.erb within layouts/application
  Rendered home/index.html.erb within layouts/application (Duration: 0.7ms | Allocations: 329)
  Rendered layout layouts/application.html.erb (Duration: 34.6ms | Allocations: 24875)
Completed 200 OK in 40ms (Views: 37.9ms | ActiveRecord: 0.0ms | Allocations: 27370)


Started GET "/" for 127.0.0.1 at 2022-10-09 13:25:35 +0700
  [1m[36mActiveRecord::SchemaMigration Pluck (0.6ms)[0m  [1m[34mSELECT "schema_migrations"."version" FROM "schema_migrations" ORDER BY "schema_migrations"."version" ASC[0m
Processing by HomeController#index as HTML
  Rendering layout layouts/application.html.erb
  Rendering home/index.html.erb within layouts/application
  Rendered home/index.html.erb within layouts/application (Duration: 0.5ms | Allocations: 329)
  Rendered layout layouts/application.html.erb (Duration: 41.4ms | Allocations: 25056)
Completed 200 OK in 45ms (Views: 43.1ms | ActiveRecord: 0.0ms | Allocations: 27551)


Started GET "/" for 127.0.0.1 at 2022-10-09 13:26:42 +0700
  [1m[36mActiveRecord::SchemaMigration Pluck (0.3ms)[0m  [1m[34mSELECT "schema_migrations"."version" FROM "schema_migrations" ORDER BY "schema_migrations"."version" ASC[0m
Processing by HomeController#index as HTML
  Rendering layout layouts/application.html.erb
  Rendering home/index.html.erb within layouts/application
  Rendered home/index.html.erb within layouts/application (Duration: 0.7ms | Allocations: 329)
  Rendered layout layouts/application.html.erb (Duration: 34.6ms | Allocations: 25312)
Completed 200 OK in 38ms (Views: 36.3ms | ActiveRecord: 0.0ms | Allocations: 27807)


Started GET "/" for 127.0.0.1 at 2022-10-09 13:27:37 +0700
  [1m[36mActiveRecord::SchemaMigration Pluck (0.4ms)[0m  [1m[34mSELECT "schema_migrations"."version" FROM "schema_migrations" ORDER BY "schema_migrations"."version" ASC[0m
Processing by HomeController#index as HTML
  Rendering layout layouts/application.html.erb
  Rendering home/index.html.erb within layouts/application
  Rendered home/index.html.erb within layouts/application (Duration: 0.7ms | Allocations: 329)
  Rendered layout layouts/application.html.erb (Duration: 35.2ms | Allocations: 24830)
Completed 200 OK in 38ms (Views: 36.6ms | ActiveRecord: 0.0ms | Allocations: 27325)


Started GET "/" for 127.0.0.1 at 2022-10-09 13:41:10 +0700
  [1m[36mActiveRecord::SchemaMigration Pluck (0.5ms)[0m  [1m[34mSELECT "schema_migrations"."version" FROM "schema_migrations" ORDER BY "schema_migrations"."version" ASC[0m
Processing by HomeController#index as HTML
  Rendering layout layouts/application.html.erb
  Rendering home/index.html.erb within layouts/application
  Rendered home/index.html.erb within layouts/application (Duration: 0.6ms | Allocations: 329)
  Rendered layout layouts/application.html.erb (Duration: 270.8ms | Allocations: 135429)
Completed 200 OK in 274ms (Views: 272.3ms | ActiveRecord: 0.0ms | Allocations: 137923)


Started GET "/" for 127.0.0.1 at 2022-10-09 13:41:20 +0700
Processing by HomeController#index as HTML
  Rendering layout layouts/application.html.erb
  Rendering home/index.html.erb within layouts/application
  Rendered home/index.html.erb within layouts/application (Duration: 0.0ms | Allocations: 9)
  Rendered layout layouts/application.html.erb (Duration: 34.4ms | Allocations: 8651)
Completed 200 OK in 35ms (Views: 34.8ms | ActiveRecord: 0.0ms | Allocations: 8950)


Started GET "/" for 127.0.0.1 at 2022-10-09 13:41:21 +0700
Processing by HomeController#index as HTML
  Rendering layout layouts/application.html.erb
  Rendering home/index.html.erb within layouts/application
  Rendered home/index.html.erb within layouts/application (Duration: 0.1ms | Allocations: 7)
  Rendered layout layouts/application.html.erb (Duration: 14.3ms | Allocations: 8549)
Completed 200 OK in 15ms (Views: 14.9ms | ActiveRecord: 0.0ms | Allocations: 8793)


Started GET "/" for 127.0.0.1 at 2022-10-09 13:41:23 +0700
Processing by HomeController#index as HTML
  Rendering layout layouts/application.html.erb
  Rendering home/index.html.erb within layouts/application
  Rendered home/index.html.erb within layouts/application (Duration: 0.1ms | Allocations: 7)
  Rendered layout layouts/application.html.erb (Duration: 10.9ms | Allocations: 8559)
Completed 200 OK in 12ms (Views: 11.7ms | ActiveRecord: 0.0ms | Allocations: 8802)


Started GET "/" for 127.0.0.1 at 2022-10-09 13:41:34 +0700
Processing by HomeController#index as HTML
  Rendering layout layouts/application.html.erb
  Rendering home/index.html.erb within layouts/application
  Rendered home/index.html.erb within layouts/application (Duration: 0.1ms | Allocations: 7)
  Rendered layout layouts/application.html.erb (Duration: 11.9ms | Allocations: 8551)
Completed 200 OK in 13ms (Views: 12.7ms | ActiveRecord: 0.0ms | Allocations: 8793)


Started GET "/" for 127.0.0.1 at 2022-10-09 13:41:34 +0700
Processing by HomeController#index as HTML
  Rendering layout layouts/application.html.erb
  Rendering home/index.html.erb within layouts/application
  Rendered home/index.html.erb within layouts/application (Duration: 0.0ms | Allocations: 7)
  Rendered layout layouts/application.html.erb (Duration: 8.1ms | Allocations: 8561)
Completed 200 OK in 9ms (Views: 8.6ms | ActiveRecord: 0.0ms | Allocations: 8804)


Started GET "/" for 127.0.0.1 at 2022-10-09 13:41:35 +0700
Processing by HomeController#index as HTML
  Rendering layout layouts/application.html.erb
  Rendering home/index.html.erb within layouts/application
  Rendered home/index.html.erb within layouts/application (Duration: 0.1ms | Allocations: 7)
  Rendered layout layouts/application.html.erb (Duration: 10.4ms | Allocations: 8557)
Completed 200 OK in 11ms (Views: 11.0ms | ActiveRecord: 0.0ms | Allocations: 8799)


Started GET "/" for 127.0.0.1 at 2022-10-09 13:41:35 +0700
Processing by HomeController#index as HTML
  Rendering layout layouts/application.html.erb
  Rendering home/index.html.erb within layouts/application
  Rendered home/index.html.erb within layouts/application (Duration: 0.1ms | Allocations: 7)
  Rendered layout layouts/application.html.erb (Duration: 11.9ms | Allocations: 8551)
Completed 200 OK in 13ms (Views: 12.6ms | ActiveRecord: 0.0ms | Allocations: 8793)


Started GET "/" for 127.0.0.1 at 2022-10-09 13:41:52 +0700
  [1m[36mActiveRecord::SchemaMigration Pluck (0.4ms)[0m  [1m[34mSELECT "schema_migrations"."version" FROM "schema_migrations" ORDER BY "schema_migrations"."version" ASC[0m
Processing by HomeController#index as HTML
  Rendering layout layouts/application.html.erb
  Rendering home/index.html.erb within layouts/application
  Rendered home/index.html.erb within layouts/application (Duration: 1.2ms | Allocations: 329)
  Rendered layout layouts/application.html.erb (Duration: 50.3ms | Allocations: 40465)
Completed 200 OK in 55ms (Views: 52.7ms | ActiveRecord: 0.0ms | Allocations: 42960)


Started GET "/" for 127.0.0.1 at 2022-10-09 13:41:54 +0700
Processing by HomeController#index as HTML
  Rendering layout layouts/application.html.erb
  Rendering home/index.html.erb within layouts/application
  Rendered home/index.html.erb within layouts/application (Duration: 0.1ms | Allocations: 9)
  Rendered layout layouts/application.html.erb (Duration: 8.9ms | Allocations: 8720)
Completed 200 OK in 10ms (Views: 9.7ms | ActiveRecord: 0.0ms | Allocations: 9019)


Started GET "/" for 127.0.0.1 at 2022-10-09 13:41:55 +0700
Processing by HomeController#index as HTML
  Rendering layout layouts/application.html.erb
  Rendering home/index.html.erb within layouts/application
  Rendered home/index.html.erb within layouts/application (Duration: 0.1ms | Allocations: 7)
  Rendered layout layouts/application.html.erb (Duration: 8.9ms | Allocations: 8546)
Completed 200 OK in 10ms (Views: 9.6ms | ActiveRecord: 0.0ms | Allocations: 8789)


Started GET "/" for 127.0.0.1 at 2022-10-09 13:41:55 +0700
Processing by HomeController#index as HTML
  Rendering layout layouts/application.html.erb
  Rendering home/index.html.erb within layouts/application
  Rendered home/index.html.erb within layouts/application (Duration: 0.1ms | Allocations: 7)
  Rendered layout layouts/application.html.erb (Duration: 29.7ms | Allocations: 8545)
Completed 200 OK in 32ms (Views: 31.0ms | ActiveRecord: 0.0ms | Allocations: 8789)


Started GET "/" for 127.0.0.1 at 2022-10-09 13:41:55 +0700
Processing by HomeController#index as HTML
  Rendering layout layouts/application.html.erb
  Rendering home/index.html.erb within layouts/application
  Rendered home/index.html.erb within layouts/application (Duration: 0.1ms | Allocations: 7)
  Rendered layout layouts/application.html.erb (Duration: 13.0ms | Allocations: 8561)
Completed 200 OK in 15ms (Views: 14.3ms | ActiveRecord: 0.0ms | Allocations: 8803)


Started GET "/" for 127.0.0.1 at 2022-10-09 13:41:56 +0700
Processing by HomeController#index as HTML
  Rendering layout layouts/application.html.erb
  Rendering home/index.html.erb within layouts/application
  Rendered home/index.html.erb within layouts/application (Duration: 0.1ms | Allocations: 7)
  Rendered layout layouts/application.html.erb (Duration: 10.7ms | Allocations: 8540)
Completed 200 OK in 13ms (Views: 11.4ms | ActiveRecord: 0.0ms | Allocations: 8783)


Started GET "/" for 127.0.0.1 at 2022-10-09 13:56:12 +0700
Processing by HomeController#index as HTML
  Rendering layout layouts/application.html.erb
  Rendering home/index.html.erb within layouts/application
  Rendered home/index.html.erb within layouts/application (Duration: 0.9ms | Allocations: 124)
  Rendered layouts/_header.html.erb (Duration: 0.3ms | Allocations: 201)
  Rendered layout layouts/application.html.erb (Duration: 12.7ms | Allocations: 5589)
Completed 200 OK in 14ms (Views: 14.0ms | Allocations: 6282)


Started GET "/" for 127.0.0.1 at 2022-10-09 13:56:24 +0700
  [1m[36mActiveRecord::SchemaMigration Pluck (0.3ms)[0m  [1m[34mSELECT "schema_migrations"."version" FROM "schema_migrations" ORDER BY "schema_migrations"."version" ASC[0m
Processing by HomeController#index as HTML
  Rendering layout layouts/application.html.erb
  Rendering home/index.html.erb within layouts/application
  Rendered home/index.html.erb within layouts/application (Duration: 0.5ms | Allocations: 329)
  Rendered layouts/_header.html.erb (Duration: 0.8ms | Allocations: 205)
  Rendered layout layouts/application.html.erb (Duration: 48.0ms | Allocations: 37305)
Completed 200 OK in 54ms (Views: 49.9ms | ActiveRecord: 0.0ms | Allocations: 39795)


Started GET "/" for 127.0.0.1 at 2022-10-09 13:56:49 +0700
  [1m[36mActiveRecord::SchemaMigration Pluck (0.3ms)[0m  [1m[34mSELECT "schema_migrations"."version" FROM "schema_migrations" ORDER BY "schema_migrations"."version" ASC[0m
Processing by HomeController#index as HTML
  Rendering layout layouts/application.html.erb
  Rendering home/index.html.erb within layouts/application
  Rendered home/index.html.erb within layouts/application (Duration: 0.9ms | Allocations: 329)
  Rendered layouts/_header.html.erb (Duration: 0.7ms | Allocations: 205)
  Rendered layout layouts/application.html.erb (Duration: 42.9ms | Allocations: 37203)
Completed 200 OK in 49ms (Views: 44.7ms | ActiveRecord: 0.0ms | Allocations: 39693)


Started GET "/" for 127.0.0.1 at 2022-10-09 13:58:42 +0700
  [1m[36mActiveRecord::SchemaMigration Pluck (0.3ms)[0m  [1m[34mSELECT "schema_migrations"."version" FROM "schema_migrations" ORDER BY "schema_migrations"."version" ASC[0m
Processing by HomeController#index as HTML
  Rendering layout layouts/application.html.erb
  Rendering home/index.html.erb within layouts/application
  Rendered home/index.html.erb within layouts/application (Duration: 1.5ms | Allocations: 329)
  Rendered layouts/_header.html.erb (Duration: 0.8ms | Allocations: 205)
  Rendered layout layouts/application.html.erb (Duration: 47.1ms | Allocations: 36726)
Completed 200 OK in 54ms (Views: 51.0ms | ActiveRecord: 0.0ms | Allocations: 39216)


Started GET "/" for 127.0.0.1 at 2022-10-09 13:58:58 +0700
  [1m[36mActiveRecord::SchemaMigration Pluck (0.2ms)[0m  [1m[34mSELECT "schema_migrations"."version" FROM "schema_migrations" ORDER BY "schema_migrations"."version" ASC[0m
Processing by HomeController#index as HTML
  Rendering layout layouts/application.html.erb
  Rendering home/index.html.erb within layouts/application
  Rendered home/index.html.erb within layouts/application (Duration: 0.6ms | Allocations: 329)
  Rendered layouts/_header.html.erb (Duration: 0.6ms | Allocations: 205)
  Rendered layout layouts/application.html.erb (Duration: 43.0ms | Allocations: 36626)
Completed 200 OK in 48ms (Views: 44.7ms | ActiveRecord: 0.0ms | Allocations: 39116)


Started GET "/" for 127.0.0.1 at 2022-10-09 14:00:12 +0700
  [1m[36mActiveRecord::SchemaMigration Pluck (0.3ms)[0m  [1m[34mSELECT "schema_migrations"."version" FROM "schema_migrations" ORDER BY "schema_migrations"."version" ASC[0m
Processing by HomeController#index as HTML
  Rendering layout layouts/application.html.erb
  Rendering home/index.html.erb within layouts/application
  Rendered home/index.html.erb within layouts/application (Duration: 0.7ms | Allocations: 329)
  Rendered layouts/_header.html.erb (Duration: 0.3ms | Allocations: 205)
  Rendered layout layouts/application.html.erb (Duration: 32.8ms | Allocations: 34451)
Completed 200 OK in 39ms (Views: 36.4ms | ActiveRecord: 0.0ms | Allocations: 36941)


Started GET "/" for 127.0.0.1 at 2022-10-09 14:00:22 +0700
  [1m[36mActiveRecord::SchemaMigration Pluck (0.3ms)[0m  [1m[34mSELECT "schema_migrations"."version" FROM "schema_migrations" ORDER BY "schema_migrations"."version" ASC[0m
Processing by HomeController#index as HTML
  Rendering layout layouts/application.html.erb
  Rendering home/index.html.erb within layouts/application
  Rendered home/index.html.erb within layouts/application (Duration: 0.5ms | Allocations: 329)
  Rendered layouts/_header.html.erb (Duration: 0.5ms | Allocations: 205)
  Rendered layout layouts/application.html.erb (Duration: 43.8ms | Allocations: 37366)
Completed 200 OK in 52ms (Views: 46.1ms | ActiveRecord: 0.0ms | Allocations: 39856)


Started GET "/" for 127.0.0.1 at 2022-10-09 14:06:04 +0700
  [1m[36mActiveRecord::SchemaMigration Pluck (0.2ms)[0m  [1m[34mSELECT "schema_migrations"."version" FROM "schema_migrations" ORDER BY "schema_migrations"."version" ASC[0m
Processing by HomeController#index as HTML
  Rendering layout layouts/application.html.erb
  Rendering home/index.html.erb within layouts/application
  Rendered home/index.html.erb within layouts/application (Duration: 0.8ms | Allocations: 329)
  Rendered layouts/_header.html.erb (Duration: 0.4ms | Allocations: 208)
  Rendered layout layouts/application.html.erb (Duration: 58.6ms | Allocations: 37297)
Completed 200 OK in 63ms (Views: 60.3ms | ActiveRecord: 0.0ms | Allocations: 39787)


Started GET "/" for 127.0.0.1 at 2022-10-09 14:14:19 +0700
  [1m[36mActiveRecord::SchemaMigration Pluck (0.5ms)[0m  [1m[34mSELECT "schema_migrations"."version" FROM "schema_migrations" ORDER BY "schema_migrations"."version" ASC[0m
Processing by HomeController#index as HTML
  Rendering layout layouts/application.html.erb
  Rendering home/index.html.erb within layouts/application
  Rendered home/index.html.erb within layouts/application (Duration: 0.5ms | Allocations: 329)
  Rendered layouts/_header.html.erb (Duration: 0.4ms | Allocations: 205)
  Rendered layout layouts/application.html.erb (Duration: 40.9ms | Allocations: 37153)
Completed 200 OK in 44ms (Views: 42.2ms | ActiveRecord: 0.0ms | Allocations: 39643)


Started GET "/" for 127.0.0.1 at 2022-10-09 14:14:34 +0700
  [1m[36mActiveRecord::SchemaMigration Pluck (0.4ms)[0m  [1m[34mSELECT "schema_migrations"."version" FROM "schema_migrations" ORDER BY "schema_migrations"."version" ASC[0m
Processing by HomeController#index as HTML
  Rendering layout layouts/application.html.erb
  Rendering home/index.html.erb within layouts/application
  Rendered home/index.html.erb within layouts/application (Duration: 0.5ms | Allocations: 329)
  Rendered layouts/_header.html.erb (Duration: 0.3ms | Allocations: 205)
  Rendered layout layouts/application.html.erb (Duration: 47.2ms | Allocations: 36363)
Completed 200 OK in 51ms (Views: 48.7ms | ActiveRecord: 0.0ms | Allocations: 38853)


Started GET "/" for 127.0.0.1 at 2022-10-09 14:14:45 +0700
  [1m[36mActiveRecord::SchemaMigration Pluck (0.3ms)[0m  [1m[34mSELECT "schema_migrations"."version" FROM "schema_migrations" ORDER BY "schema_migrations"."version" ASC[0m
Processing by HomeController#index as HTML
  Rendering layout layouts/application.html.erb
  Rendering home/index.html.erb within layouts/application
  Rendered home/index.html.erb within layouts/application (Duration: 1.3ms | Allocations: 329)
  Rendered layouts/_header.html.erb (Duration: 0.3ms | Allocations: 205)
  Rendered layout layouts/application.html.erb (Duration: 35.2ms | Allocations: 35191)
Completed 200 OK in 39ms (Views: 37.6ms | ActiveRecord: 0.0ms | Allocations: 37681)


Started GET "/" for 127.0.0.1 at 2022-10-09 14:14:53 +0700
  [1m[36mActiveRecord::SchemaMigration Pluck (13.3ms)[0m  [1m[34mSELECT "schema_migrations"."version" FROM "schema_migrations" ORDER BY "schema_migrations"."version" ASC[0m
Processing by HomeController#index as HTML
  Rendering layout layouts/application.html.erb
  Rendering home/index.html.erb within layouts/application
  Rendered home/index.html.erb within layouts/application (Duration: 0.4ms | Allocations: 329)
  Rendered layouts/_header.html.erb (Duration: 0.9ms | Allocations: 205)
  Rendered layout layouts/application.html.erb (Duration: 43.1ms | Allocations: 36602)
Completed 200 OK in 47ms (Views: 44.7ms | ActiveRecord: 0.0ms | Allocations: 39092)


Started GET "/" for 127.0.0.1 at 2022-10-09 14:15:23 +0700
  [1m[36mActiveRecord::SchemaMigration Pluck (0.3ms)[0m  [1m[34mSELECT "schema_migrations"."version" FROM "schema_migrations" ORDER BY "schema_migrations"."version" ASC[0m
Processing by HomeController#index as HTML
  Rendering layout layouts/application.html.erb
  Rendering home/index.html.erb within layouts/application
  Rendered home/index.html.erb within layouts/application (Duration: 0.4ms | Allocations: 329)
  Rendered layouts/_header.html.erb (Duration: 0.5ms | Allocations: 205)
  Rendered layout layouts/application.html.erb (Duration: 47.3ms | Allocations: 37200)
Completed 200 OK in 50ms (Views: 48.7ms | ActiveRecord: 0.0ms | Allocations: 39690)


Started GET "/" for 127.0.0.1 at 2022-10-09 14:22:35 +0700
  [1m[36mActiveRecord::SchemaMigration Pluck (0.8ms)[0m  [1m[34mSELECT "schema_migrations"."version" FROM "schema_migrations" ORDER BY "schema_migrations"."version" ASC[0m
Processing by HomeController#index as HTML
  Rendering layout layouts/application.html.erb
  Rendering home/index.html.erb within layouts/application
  Rendered home/index.html.erb within layouts/application (Duration: 0.5ms | Allocations: 329)
  Rendered layouts/_header.html.erb (Duration: 0.5ms | Allocations: 205)
  Rendered layout layouts/application.html.erb (Duration: 52.3ms | Allocations: 36888)
Completed 200 OK in 56ms (Views: 54.1ms | ActiveRecord: 0.0ms | Allocations: 39378)


Started GET "/" for 127.0.0.1 at 2022-10-09 14:23:16 +0700
  [1m[36mActiveRecord::SchemaMigration Pluck (0.5ms)[0m  [1m[34mSELECT "schema_migrations"."version" FROM "schema_migrations" ORDER BY "schema_migrations"."version" ASC[0m
Processing by HomeController#index as HTML
  Rendering layout layouts/application.html.erb
  Rendering home/index.html.erb within layouts/application
  Rendered home/index.html.erb within layouts/application (Duration: 0.8ms | Allocations: 329)
  Rendered layouts/_header.html.erb (Duration: 0.3ms | Allocations: 205)
  Rendered layout layouts/application.html.erb (Duration: 55.3ms | Allocations: 42725)
Completed 200 OK in 60ms (Views: 58.0ms | ActiveRecord: 0.0ms | Allocations: 45215)


Started GET "/" for 127.0.0.1 at 2022-10-09 14:27:53 +0700
Processing by HomeController#index as HTML
  Rendering layout layouts/application.html.erb
  Rendering home/index.html.erb within layouts/application
  Rendered home/index.html.erb within layouts/application (Duration: 0.7ms | Allocations: 121)
  Rendered layouts/_header.html.erb (Duration: 2.4ms | Allocations: 390)
  Rendered layout layouts/application.html.erb (Duration: 15.6ms | Allocations: 9685)
Completed 200 OK in 20ms (Views: 19.1ms | ActiveRecord: 0.0ms | Allocations: 10417)


Started GET "/" for 127.0.0.1 at 2022-10-09 14:27:55 +0700
Processing by HomeController#index as HTML
  Rendering layout layouts/application.html.erb
  Rendering home/index.html.erb within layouts/application
  Rendered home/index.html.erb within layouts/application (Duration: 0.1ms | Allocations: 7)
  Rendered layouts/_header.html.erb (Duration: 0.1ms | Allocations: 52)
  Rendered layout layouts/application.html.erb (Duration: 23.6ms | Allocations: 8668)
Completed 200 OK in 24ms (Views: 24.0ms | ActiveRecord: 0.0ms | Allocations: 8933)


Started GET "/" for 127.0.0.1 at 2022-10-09 14:34:34 +0700
Processing by HomeController#index as HTML
  Rendering layout layouts/application.html.erb
  Rendering home/index.html.erb within layouts/application
  Rendered home/index.html.erb within layouts/application (Duration: 0.1ms | Allocations: 7)
  Rendered layouts/_header.html.erb (Duration: 0.1ms | Allocations: 52)
  Rendered layout layouts/application.html.erb (Duration: 11.5ms | Allocations: 8654)
Completed 200 OK in 12ms (Views: 12.0ms | Allocations: 8892)


Started GET "/" for 127.0.0.1 at 2022-10-09 14:37:55 +0700
Processing by HomeController#index as HTML
  Rendering layout layouts/application.html.erb
  Rendering home/index.html.erb within layouts/application
  Rendered home/index.html.erb within layouts/application (Duration: 0.6ms | Allocations: 124)
  Rendered layouts/_header.html.erb (Duration: 1.6ms | Allocations: 326)
  Rendered layout layouts/application.html.erb (Duration: 14.2ms | Allocations: 9624)
Completed 200 OK in 17ms (Views: 16.2ms | Allocations: 10321)


Started GET "/" for 127.0.0.1 at 2022-10-09 14:38:29 +0700
Processing by HomeController#index as HTML
  Rendering layout layouts/application.html.erb
  Rendering home/index.html.erb within layouts/application
  Rendered home/index.html.erb within layouts/application (Duration: 0.8ms | Allocations: 121)
  Rendered layouts/_header.html.erb (Duration: 1.1ms | Allocations: 327)
  Rendered layout layouts/application.html.erb (Duration: 14.7ms | Allocations: 9616)
Completed 200 OK in 18ms (Views: 17.2ms | Allocations: 10329)


Started GET "/" for 127.0.0.1 at 2022-10-09 14:38:30 +0700
Processing by HomeController#index as HTML
  Rendering layout layouts/application.html.erb
  Rendering home/index.html.erb within layouts/application
  Rendered home/index.html.erb within layouts/application (Duration: 0.1ms | Allocations: 7)
  Rendered layouts/_header.html.erb (Duration: 0.2ms | Allocations: 52)
  Rendered layout layouts/application.html.erb (Duration: 10.9ms | Allocations: 8667)
Completed 200 OK in 12ms (Views: 11.6ms | Allocations: 8921)


Started GET "/" for 127.0.0.1 at 2022-10-09 14:38:31 +0700
Processing by HomeController#index as HTML
  Rendering layout layouts/application.html.erb
  Rendering home/index.html.erb within layouts/application
  Rendered home/index.html.erb within layouts/application (Duration: 0.1ms | Allocations: 7)
  Rendered layouts/_header.html.erb (Duration: 0.1ms | Allocations: 52)
  Rendered layout layouts/application.html.erb (Duration: 11.1ms | Allocations: 8664)
Completed 200 OK in 12ms (Views: 11.6ms | Allocations: 8901)


Started GET "/" for 127.0.0.1 at 2022-10-09 14:39:04 +0700
Processing by HomeController#index as HTML
  Rendering layout layouts/application.html.erb
  Rendering home/index.html.erb within layouts/application
  Rendered home/index.html.erb within layouts/application (Duration: 0.5ms | Allocations: 121)
  Rendered layouts/_header.html.erb (Duration: 1.5ms | Allocations: 326)
  Rendered layout layouts/application.html.erb (Duration: 15.1ms | Allocations: 9617)
Completed 200 OK in 18ms (Views: 17.4ms | Allocations: 10310)


Started GET "/" for 127.0.0.1 at 2022-10-09 14:39:05 +0700
Processing by HomeController#index as HTML
  Rendering layout layouts/application.html.erb
  Rendering home/index.html.erb within layouts/application
  Rendered home/index.html.erb within layouts/application (Duration: 0.1ms | Allocations: 7)
  Rendered layouts/_header.html.erb (Duration: 0.1ms | Allocations: 52)
  Rendered layout layouts/application.html.erb (Duration: 11.8ms | Allocations: 8651)
Completed 200 OK in 13ms (Views: 12.2ms | Allocations: 8906)


Started GET "/" for 127.0.0.1 at 2022-10-09 14:39:06 +0700
Processing by HomeController#index as HTML
  Rendering layout layouts/application.html.erb
  Rendering home/index.html.erb within layouts/application
  Rendered home/index.html.erb within layouts/application (Duration: 0.1ms | Allocations: 7)
  Rendered layouts/_header.html.erb (Duration: 0.2ms | Allocations: 52)
  Rendered layout layouts/application.html.erb (Duration: 10.7ms | Allocations: 8654)
Completed 200 OK in 12ms (Views: 11.2ms | Allocations: 8891)


Started GET "/" for 127.0.0.1 at 2022-10-09 14:39:07 +0700
Processing by HomeController#index as HTML
  Rendering layout layouts/application.html.erb
  Rendering home/index.html.erb within layouts/application
  Rendered home/index.html.erb within layouts/application (Duration: 0.0ms | Allocations: 7)
  Rendered layouts/_header.html.erb (Duration: 0.2ms | Allocations: 52)
  Rendered layout layouts/application.html.erb (Duration: 13.6ms | Allocations: 8679)
Completed 200 OK in 15ms (Views: 14.2ms | Allocations: 8917)


Started GET "/" for 127.0.0.1 at 2022-10-09 14:39:55 +0700
Processing by HomeController#index as HTML
  Rendering layout layouts/application.html.erb
  Rendering home/index.html.erb within layouts/application
  Rendered home/index.html.erb within layouts/application (Duration: 0.6ms | Allocations: 124)
  Rendered layouts/_header.html.erb (Duration: 0.6ms | Allocations: 327)
  Rendered layout layouts/application.html.erb (Duration: 14.1ms | Allocations: 9629)
Completed 200 OK in 17ms (Views: 16.0ms | Allocations: 10322)


Started GET "/" for 127.0.0.1 at 2022-10-09 14:39:56 +0700
Processing by HomeController#index as HTML
  Rendering layout layouts/application.html.erb
  Rendering home/index.html.erb within layouts/application
  Rendered home/index.html.erb within layouts/application (Duration: 0.1ms | Allocations: 7)
  Rendered layouts/_header.html.erb (Duration: 0.1ms | Allocations: 52)
  Rendered layout layouts/application.html.erb (Duration: 11.5ms | Allocations: 8663)
Completed 200 OK in 13ms (Views: 12.2ms | Allocations: 8917)


Started GET "/" for 127.0.0.1 at 2022-10-09 14:39:56 +0700
Processing by HomeController#index as HTML
  Rendering layout layouts/application.html.erb
  Rendering home/index.html.erb within layouts/application
  Rendered home/index.html.erb within layouts/application (Duration: 0.0ms | Allocations: 7)
  Rendered layouts/_header.html.erb (Duration: 0.2ms | Allocations: 52)
  Rendered layout layouts/application.html.erb (Duration: 11.2ms | Allocations: 8661)
Completed 200 OK in 12ms (Views: 11.6ms | Allocations: 8898)


Started GET "/" for 127.0.0.1 at 2022-10-09 14:40:05 +0700
Processing by HomeController#index as HTML
  Rendering layout layouts/application.html.erb
  Rendering home/index.html.erb within layouts/application
  Rendered home/index.html.erb within layouts/application (Duration: 0.5ms | Allocations: 122)
  Rendered layouts/_header.html.erb (Duration: 0.5ms | Allocations: 325)
  Rendered layout layouts/application.html.erb (Duration: 7.3ms | Allocations: 9609)
Completed 200 OK in 9ms (Views: 8.4ms | Allocations: 10302)


Started GET "/" for 127.0.0.1 at 2022-10-09 14:40:06 +0700
Processing by HomeController#index as HTML
  Rendering layout layouts/application.html.erb
  Rendering home/index.html.erb within layouts/application
  Rendered home/index.html.erb within layouts/application (Duration: 0.0ms | Allocations: 7)
  Rendered layouts/_header.html.erb (Duration: 0.2ms | Allocations: 52)
  Rendered layout layouts/application.html.erb (Duration: 10.7ms | Allocations: 8685)
Completed 200 OK in 12ms (Views: 11.2ms | Allocations: 8941)


Started GET "/" for 127.0.0.1 at 2022-10-09 14:40:29 +0700
Processing by HomeController#index as HTML
  Rendering layout layouts/application.html.erb
  Rendering home/index.html.erb within layouts/application
  Rendered home/index.html.erb within layouts/application (Duration: 0.7ms | Allocations: 121)
  Rendered layouts/_header.html.erb (Duration: 1.4ms | Allocations: 326)
  Rendered layout layouts/application.html.erb (Duration: 16.2ms | Allocations: 9646)
Completed 200 OK in 19ms (Views: 18.6ms | Allocations: 10342)


Started GET "/" for 127.0.0.1 at 2022-10-09 14:45:00 +0700
Processing by HomeController#index as HTML
  Rendering layout layouts/application.html.erb
  Rendering home/index.html.erb within layouts/application
  Rendered home/index.html.erb within layouts/application (Duration: 0.2ms | Allocations: 121)
  Rendered layouts/_header.html.erb (Duration: 0.5ms | Allocations: 326)
  Rendered layout layouts/application.html.erb (Duration: 6.2ms | Allocations: 9626)
Completed 200 OK in 8ms (Views: 7.3ms | Allocations: 10337)


Started GET "/" for 127.0.0.1 at 2022-10-14 14:56:13 +0700
  [1m[36mActiveRecord::SchemaMigration Pluck (0.6ms)[0m  [1m[34mSELECT "schema_migrations"."version" FROM "schema_migrations" ORDER BY "schema_migrations"."version" ASC[0m
Processing by HomeController#index as HTML
  Rendering layout layouts/application.html.erb
  Rendering home/index.html.erb within layouts/application
  Rendered home/index.html.erb within layouts/application (Duration: 0.6ms | Allocations: 329)
  Rendered layouts/_header.html.erb (Duration: 0.6ms | Allocations: 405)
  Rendered layout layouts/application.html.erb (Duration: 45.0ms | Allocations: 41047)
Completed 200 OK in 49ms (Views: 46.7ms | ActiveRecord: 0.0ms | Allocations: 43536)


Started GET "/" for 127.0.0.1 at 2022-10-14 15:03:14 +0700
  [1m[36mActiveRecord::SchemaMigration Pluck (0.3ms)[0m  [1m[34mSELECT "schema_migrations"."version" FROM "schema_migrations" ORDER BY "schema_migrations"."version" ASC[0m
Processing by HomeController#index as HTML
  Rendering layout layouts/application.html.erb
  Rendering home/index.html.erb within layouts/application
  Rendered home/index.html.erb within layouts/application (Duration: 0.5ms | Allocations: 329)
  Rendered layouts/_header.html.erb (Duration: 0.6ms | Allocations: 407)
  Rendered layout layouts/application.html.erb (Duration: 102.8ms | Allocations: 81279)
Completed 200 OK in 109ms (Views: 105.1ms | ActiveRecord: 0.0ms | Allocations: 83767)


